app/build/outputs/logs/manifest-merger-debug-report.txt
-- Merging decision tree log ---
manifest
ADDED from AndroidManifest.xml:5:1
	package
		ADDED from AndroidManifest.xml:6:7
		INJECTED from AndroidManifest.xml:0:0
		INJECTED from AndroidManifest.xml:0:0
	android:versionName
		ADDED from AndroidManifest.xml:8:7
	android:versionCode
		ADDED from AndroidManifest.xml:7:7
		INJECTED from AndroidManifest.xml:0:0
		INJECTED from AndroidManifest.xml:0:0
	xmlns:android
		ADDED from AndroidManifest.xml:5:11
	android:installLocation
		ADDED from AndroidManifest.xml:9:7
application
ADDED from AndroidManifest.xml:20:5
	android:label
		ADDED from AndroidManifest.xml:20:18
	android:hardwareAccelerated
		ADDED from AndroidManifest.xml:23:18
	android:debuggable
		ADDED from AndroidManifest.xml:24:18
	android:icon
		ADDED from AndroidManifest.xml:21:18
	android:theme
		ADDED from AndroidManifest.xml:22:18
activity#org.libsdl.app.SDLActivity
ADDED from AndroidManifest.xml:25:9
	android:screenOrientation
		ADDED from AndroidManifest.xml:27:19
	android:label
		ADDED from AndroidManifest.xml:26:19
	android:configChanges
		ADDED from AndroidManifest.xml:28:19
	android:name
		ADDED from AndroidManifest.xml:25:19
intent-filter#android.intent.action.MAIN+android.intent.category.LAUNCHER
ADDED from AndroidManifest.xml:30:13
action#android.intent.action.MAIN
ADDED from AndroidManifest.xml:31:17
	android:name
		ADDED from AndroidManifest.xml:31:25
category#android.intent.category.LAUNCHER
ADDED from AndroidManifest.xml:32:17
	android:name
		ADDED from AndroidManifest.xml:32:27
uses-sdk
ADDED from AndroidManifest.xml:37:5
	android:targetSdkVersion
		ADDED from AndroidManifest.xml:37:42
		INJECTED from AndroidManifest.xml:0:0
		INJECTED from AndroidManifest.xml:0:0
	android:minSdkVersion
		ADDED from AndroidManifest.xml:37:15
		INJECTED from AndroidManifest.xml:0:0
		INJECTED from AndroidManifest.xml:0:0
uses-feature#0x00030000
ADDED from AndroidManifest.xml:40:5
	android:glEsVersion
		ADDED from AndroidManifest.xml:40:19